   1              		.cpu arm926ej-s
   2              		.fpu softvfp
   3              		.eabi_attribute 20, 1
   4              		.eabi_attribute 21, 1
   5              		.eabi_attribute 23, 3
   6              		.eabi_attribute 24, 1
   7              		.eabi_attribute 25, 1
   8              		.eabi_attribute 26, 1
   9              		.eabi_attribute 30, 6
  10              		.eabi_attribute 34, 0
  11              		.eabi_attribute 18, 4
  12              		.file	"Xilinx_ports_glue.c"
  13              		.text
  14              	.Ltext0:
  15              		.cfi_sections	.debug_frame
  16              		.global	PortMap
  17              		.section	.rodata.PortMap,"a",%progbits
  18              		.align	2
  21              	PortMap:
  22 0000 3200     		.short	50
  23 0002 3900     		.short	57
  24 0004 3400     		.short	52
  25 0006 0000     		.section	.text.setPort,"ax",%progbits
  26              		.align	2
  27              		.global	setPort
  29              	setPort:
  30              	.LFB0:
  31              		.file 1 "../Xilinx_ports_glue.c"
   1:../Xilinx_ports_glue.c **** /*
   2:../Xilinx_ports_glue.c ****  * Xilinx_ports_glue.c
   3:../Xilinx_ports_glue.c ****  *
   4:../Xilinx_ports_glue.c ****  *  Created on: Jun 6, 2014
   5:../Xilinx_ports_glue.c ****  *      Author: John
   6:../Xilinx_ports_glue.c ****  */
   7:../Xilinx_ports_glue.c **** 
   8:../Xilinx_ports_glue.c **** #include "Application.h"
   9:../Xilinx_ports_glue.c **** // I have to implement the routines declared in Xilinx\ports.h for my environment
  10:../Xilinx_ports_glue.c **** 
  11:../Xilinx_ports_glue.c **** #define printf(x) DebugPrint(4, x)
  12:../Xilinx_ports_glue.c **** 
  13:../Xilinx_ports_glue.c **** const short PortMap[] = { JTAG_TCK, JTAG_TMS, JTAG_TDI };
  14:../Xilinx_ports_glue.c **** 
  15:../Xilinx_ports_glue.c **** /* set the port "p" (TCK, TMS, or TDI) to val (0 or 1) */
  16:../Xilinx_ports_glue.c **** void setPort(short p, short val)
  17:../Xilinx_ports_glue.c **** {
  32              		.loc 1 17 0
  33              		.cfi_startproc
  34              		@ args = 0, pretend = 0, frame = 8
  35              		@ frame_needed = 1, uses_anonymous_args = 0
  36 0000 00482DE9 		stmfd	sp!, {fp, lr}
  37              	.LCFI0:
  38              		.cfi_def_cfa_offset 8
  39              		.cfi_offset 11, -8
  40              		.cfi_offset 14, -4
  41 0004 04B08DE2 		add	fp, sp, #4
  42              	.LCFI1:
  43              		.cfi_def_cfa 11, 4
  44 0008 08D04DE2 		sub	sp, sp, #8
  45 000c 0020A0E1 		mov	r2, r0
  46 0010 0130A0E1 		mov	r3, r1
  47 0014 B6204BE1 		strh	r2, [fp, #-6]	@ movhi
  48 0018 B8304BE1 		strh	r3, [fp, #-8]	@ movhi
  18:../Xilinx_ports_glue.c **** 	CyU3PGpioSetValue(PortMap[p], val);
  49              		.loc 1 18 0
  50 001c F6305BE1 		ldrsh	r3, [fp, #-6]
  51 0020 24209FE5 		ldr	r2, .L2
  52 0024 8330A0E1 		mov	r3, r3, asl #1
  53 0028 033082E0 		add	r3, r2, r3
  54 002c B030D3E1 		ldrh	r3, [r3]
  55 0030 FF2003E2 		and	r2, r3, #255
  56 0034 F8305BE1 		ldrsh	r3, [fp, #-8]
  57 0038 0200A0E1 		mov	r0, r2
  58 003c 0310A0E1 		mov	r1, r3
  59 0040 FEFFFFEB 		bl	CyU3PGpioSetValue
  19:../Xilinx_ports_glue.c **** }
  60              		.loc 1 19 0
  61 0044 04D04BE2 		sub	sp, fp, #4
  62              		@ sp needed
  63 0048 0088BDE8 		ldmfd	sp!, {fp, pc}
  64              	.L3:
  65              		.align	2
  66              	.L2:
  67 004c 00000000 		.word	PortMap
  68              		.cfi_endproc
  69              	.LFE0:
  71              		.section	.text.readTDOBit,"ax",%progbits
  72              		.align	2
  73              		.global	readTDOBit
  75              	readTDOBit:
  76              	.LFB1:
  20:../Xilinx_ports_glue.c **** 
  21:../Xilinx_ports_glue.c **** /* read the TDO bit and store it in val */
  22:../Xilinx_ports_glue.c **** unsigned char readTDOBit(void)
  23:../Xilinx_ports_glue.c **** {
  77              		.loc 1 23 0
  78              		.cfi_startproc
  79              		@ args = 0, pretend = 0, frame = 8
  80              		@ frame_needed = 1, uses_anonymous_args = 0
  81 0000 00482DE9 		stmfd	sp!, {fp, lr}
  82              	.LCFI2:
  83              		.cfi_def_cfa_offset 8
  84              		.cfi_offset 11, -8
  85              		.cfi_offset 14, -4
  86 0004 04B08DE2 		add	fp, sp, #4
  87              	.LCFI3:
  88              		.cfi_def_cfa 11, 4
  89 0008 08D04DE2 		sub	sp, sp, #8
  24:../Xilinx_ports_glue.c **** 	CyBool_t Value;
  25:../Xilinx_ports_glue.c **** 	CyU3PGpioGetValue(JTAG_TDO, &Value);
  90              		.loc 1 25 0
  91 000c 08304BE2 		sub	r3, fp, #8
  92 0010 3300A0E3 		mov	r0, #51
  93 0014 0310A0E1 		mov	r1, r3
  94 0018 FEFFFFEB 		bl	CyU3PGpioGetValue
  26:../Xilinx_ports_glue.c **** 	return (unsigned char)(Value);
  95              		.loc 1 26 0
  96 001c 08301BE5 		ldr	r3, [fp, #-8]
  97 0020 FF3003E2 		and	r3, r3, #255
  27:../Xilinx_ports_glue.c **** }
  98              		.loc 1 27 0
  99 0024 0300A0E1 		mov	r0, r3
 100 0028 04D04BE2 		sub	sp, fp, #4
 101              		@ sp needed
 102 002c 0088BDE8 		ldmfd	sp!, {fp, pc}
 103              		.cfi_endproc
 104              	.LFE1:
 106              		.section	.text.pulseClock,"ax",%progbits
 107              		.align	2
 108              		.global	pulseClock
 110              	pulseClock:
 111              	.LFB2:
  28:../Xilinx_ports_glue.c **** 
  29:../Xilinx_ports_glue.c **** /* make clock go down->up->down*/
  30:../Xilinx_ports_glue.c **** void pulseClock(void)
  31:../Xilinx_ports_glue.c **** {
 112              		.loc 1 31 0
 113              		.cfi_startproc
 114              		@ args = 0, pretend = 0, frame = 0
 115              		@ frame_needed = 1, uses_anonymous_args = 0
 116 0000 00482DE9 		stmfd	sp!, {fp, lr}
 117              	.LCFI4:
 118              		.cfi_def_cfa_offset 8
 119              		.cfi_offset 11, -8
 120              		.cfi_offset 14, -4
 121 0004 04B08DE2 		add	fp, sp, #4
 122              	.LCFI5:
 123              		.cfi_def_cfa 11, 4
  32:../Xilinx_ports_glue.c **** 	setPort(JTAG_TCK, 0);
 124              		.loc 1 32 0
 125 0008 3200A0E3 		mov	r0, #50
 126 000c 0010A0E3 		mov	r1, #0
 127 0010 FEFFFFEB 		bl	setPort
  33:../Xilinx_ports_glue.c **** 	setPort(JTAG_TCK, 1);
 128              		.loc 1 33 0
 129 0014 3200A0E3 		mov	r0, #50
 130 0018 0110A0E3 		mov	r1, #1
 131 001c FEFFFFEB 		bl	setPort
  34:../Xilinx_ports_glue.c **** 	setPort(JTAG_TCK, 0);
 132              		.loc 1 34 0
 133 0020 3200A0E3 		mov	r0, #50
 134 0024 0010A0E3 		mov	r1, #0
 135 0028 FEFFFFEB 		bl	setPort
  35:../Xilinx_ports_glue.c **** }
 136              		.loc 1 35 0
 137 002c 0088BDE8 		ldmfd	sp!, {fp, pc}
 138              		.cfi_endproc
 139              	.LFE2:
 141              		.section	.text.waitTime,"ax",%progbits
 142              		.align	2
 143              		.global	waitTime
 145              	waitTime:
 146              	.LFB3:
  36:../Xilinx_ports_glue.c **** 
  37:../Xilinx_ports_glue.c **** /* read the next byte of data from the xsvf file */
  38:../Xilinx_ports_glue.c **** //void readByte(unsigned char *data)
  39:../Xilinx_ports_glue.c **** //{
  40:../Xilinx_ports_glue.c **** //	*data = GetDataByte();
  41:../Xilinx_ports_glue.c **** //}
  42:../Xilinx_ports_glue.c **** 
  43:../Xilinx_ports_glue.c **** void waitTime(long microsec)
  44:../Xilinx_ports_glue.c **** {
 147              		.loc 1 44 0
 148              		.cfi_startproc
 149              		@ args = 0, pretend = 0, frame = 8
 150              		@ frame_needed = 1, uses_anonymous_args = 0
 151 0000 00482DE9 		stmfd	sp!, {fp, lr}
 152              	.LCFI6:
 153              		.cfi_def_cfa_offset 8
 154              		.cfi_offset 11, -8
 155              		.cfi_offset 14, -4
 156 0004 04B08DE2 		add	fp, sp, #4
 157              	.LCFI7:
 158              		.cfi_def_cfa 11, 4
 159 0008 08D04DE2 		sub	sp, sp, #8
 160 000c 08000BE5 		str	r0, [fp, #-8]
  45:../Xilinx_ports_glue.c **** 	CyU3PThreadSleep((microsec+999)/1000);
 161              		.loc 1 45 0
 162 0010 08301BE5 		ldr	r3, [fp, #-8]
 163 0014 F93F83E2 		add	r3, r3, #996
 164 0018 033083E2 		add	r3, r3, #3
 165 001c 1C209FE5 		ldr	r2, .L8
 166 0020 9312C2E0 		smull	r1, r2, r3, r2
 167 0024 4223A0E1 		mov	r2, r2, asr #6
 168 0028 C33FA0E1 		mov	r3, r3, asr #31
 169 002c 023063E0 		rsb	r3, r3, r2
 170 0030 0300A0E1 		mov	r0, r3
 171 0034 FEFFFFEB 		bl	_tx_thread_sleep
  46:../Xilinx_ports_glue.c **** }
 172              		.loc 1 46 0
 173 0038 04D04BE2 		sub	sp, fp, #4
 174              		@ sp needed
 175 003c 0088BDE8 		ldmfd	sp!, {fp, pc}
 176              	.L9:
 177              		.align	2
 178              	.L8:
 179 0040 D34D6210 		.word	274877907
 180              		.cfi_endproc
 181              	.LFE3:
 183              		.text
 184              	.Letext0:
 185              		.file 2 "C:\\Program Files (x86)\\Cypress\\EZ-USB FX3 SDK\\1.3\\/firmware/u3p_firmware/inc/cyu3typ
 186              		.file 3 "C:\\Program Files (x86)\\Cypress\\EZ-USB FX3 SDK\\1.3\\/firmware/u3p_firmware/inc/cyu3dma
DEFINED SYMBOLS
                            *ABS*:00000000 Xilinx_ports_glue.c
C:\Users\Sean\AppData\Local\Temp\ccSRmezb.s:21     .rodata.PortMap:00000000 PortMap
C:\Users\Sean\AppData\Local\Temp\ccSRmezb.s:18     .rodata.PortMap:00000000 $d
C:\Users\Sean\AppData\Local\Temp\ccSRmezb.s:26     .text.setPort:00000000 $a
C:\Users\Sean\AppData\Local\Temp\ccSRmezb.s:29     .text.setPort:00000000 setPort
C:\Users\Sean\AppData\Local\Temp\ccSRmezb.s:67     .text.setPort:0000004c $d
C:\Users\Sean\AppData\Local\Temp\ccSRmezb.s:72     .text.readTDOBit:00000000 $a
C:\Users\Sean\AppData\Local\Temp\ccSRmezb.s:75     .text.readTDOBit:00000000 readTDOBit
C:\Users\Sean\AppData\Local\Temp\ccSRmezb.s:107    .text.pulseClock:00000000 $a
C:\Users\Sean\AppData\Local\Temp\ccSRmezb.s:110    .text.pulseClock:00000000 pulseClock
C:\Users\Sean\AppData\Local\Temp\ccSRmezb.s:142    .text.waitTime:00000000 $a
C:\Users\Sean\AppData\Local\Temp\ccSRmezb.s:145    .text.waitTime:00000000 waitTime
C:\Users\Sean\AppData\Local\Temp\ccSRmezb.s:179    .text.waitTime:00000040 $d
                     .debug_frame:00000010 $d

UNDEFINED SYMBOLS
CyU3PGpioSetValue
CyU3PGpioGetValue
_tx_thread_sleep
